[INFO] Scanning for projects...
[WARNING] 
[WARNING] Some problems were encountered while building the effective model for com.zhafei:tm-ums-admin:jar:1.0.0-SNAPSHOT
[WARNING] 'dependencyManagement.dependencies.dependency.type' for mysql:mysql-connector-java:jar must be 'pom' to import the managed dependencies. @ com.zhafei:tm-dependence:1.0.0-SNAPSHOT, D:\Program Files\JetBrains\dev-workspaces\timeMachine\tm-dependence\pom.xml, line 47, column 25
[WARNING] 'dependencies.dependency.scope' for mysql:mysql-connector-java:jar must be one of [provided, compile, runtime, test, system] but is 'import'. @ com.zhafei:tm-dependence:1.0.0-SNAPSHOT, D:\Program Files\JetBrains\dev-workspaces\timeMachine\tm-dependence\pom.xml, line 51, column 24
[WARNING] 
[WARNING] It is highly recommended to fix these problems because they threaten the stability of your build.
[WARNING] 
[WARNING] For this reason, future Maven versions might no longer support building such malformed projects.
[WARNING] 
[INFO] 
[INFO] ----------------------< com.zhafei:tm-ums-admin >-----------------------
[INFO] Building tm-ums-admin 1.0.0-SNAPSHOT
[INFO] --------------------------------[ jar ]---------------------------------
[WARNING] The POM for com.zhafei:tm-ums-common:jar:1.0.0-SNAPSHOT is missing, no dependency information available
[WARNING] The POM for com.zhafei:tm-common:jar:1.0.0-SNAPSHOT is missing, no dependency information available
[INFO] 
[INFO] --- maven-dependency-plugin:3.1.2:tree (default-cli) @ tm-ums-admin ---
[INFO] Verbose not supported since maven-dependency-plugin 3.0
[INFO] ------------------------------------------------------------------------
[INFO] BUILD FAILURE
[INFO] ------------------------------------------------------------------------
[INFO] Total time:  1.631 s
[INFO] Finished at: 2021-04-08T13:45:21+08:00
[INFO] ------------------------------------------------------------------------
[ERROR] Failed to execute goal org.apache.maven.plugins:maven-dependency-plugin:3.1.2:tree (default-cli) on project tm-ums-admin: Cannot build project dependency graph: Could not resolve nor collect following dependencies: [com.zhafei:tm-ums-common:jar:1.0.0-SNAPSHOT (compile), com.zhafei:tm-common:jar:1.0.0-SNAPSHOT (compile)]: Could not resolve dependencies for project com.zhafei:tm-ums-admin:jar:1.0.0-SNAPSHOT: The following artifacts could not be resolved: com.zhafei:tm-ums-common:jar:1.0.0-SNAPSHOT, com.zhafei:tm-common:jar:1.0.0-SNAPSHOT: Could not find artifact com.zhafei:tm-ums-common:jar:1.0.0-SNAPSHOT -> [Help 1]
[ERROR] 
[ERROR] To see the full stack trace of the errors, re-run Maven with the -e switch.
[ERROR] Re-run Maven using the -X switch to enable full debug logging.
[ERROR] 
[ERROR] For more information about the errors and possible solutions, please read the following articles:
[ERROR] [Help 1] http://cwiki.apache.org/confluence/display/MAVEN/MojoExecutionException
